2017-10-03 17:13:35,000 :: INFO :: comparaison en cours
2017-10-03 17:13:40,143 :: INFO :: comparaison en cours
2017-10-03 17:13:45,276 :: INFO :: comparaison en cours
2017-10-03 17:13:50,417 :: INFO :: comparaison en cours
2017-10-03 17:13:55,547 :: INFO :: comparaison en cours
2017-10-03 17:14:00,681 :: INFO :: comparaison en cours
2017-10-03 22:10:21,921 :: WARNING :: UPDATE error : <N1QL Execution failed, OBJ={u'msg': u'DML Error, possible causes include CAS mismatch or concurrent modificationFailed to perform update - cause: MCResponse status=KEY_EEXISTS, opcode=SET, opaque=0, msg: Data exists for key', u'code': 12009}>
2017-10-05 21:05:12,046 :: WARNING :: UPDATE error : <N1QL Execution failed, OBJ={u'msg': u'DML Error, possible causes include CAS mismatch or concurrent modificationFailed to perform update - cause: MCResponse status=KEY_EEXISTS, opcode=SET, opaque=0, msg: Data exists for key', u'code': 12009}>
2017-10-05 21:05:57,490 :: WARNING :: UPDATE error : <N1QL Execution failed, OBJ={u'msg': u'DML Error, possible causes include CAS mismatch or concurrent modificationFailed to perform update - cause: MCResponse status=KEY_EEXISTS, opcode=SET, opaque=0, msg: Data exists for key', u'code': 12009}>
2017-10-05 21:06:58,118 :: WARNING :: UPDATE error : <N1QL Execution failed, OBJ={u'msg': u'DML Error, possible causes include CAS mismatch or concurrent modificationFailed to perform update - cause: MCResponse status=KEY_EEXISTS, opcode=SET, opaque=0, msg: Data exists for key', u'code': 12009}>
2017-10-05 21:07:28,457 :: WARNING :: UPDATE error : <N1QL Execution failed, OBJ={u'msg': u'DML Error, possible causes include CAS mismatch or concurrent modificationFailed to perform update - cause: MCResponse status=KEY_EEXISTS, opcode=SET, opaque=0, msg: Data exists for key', u'code': 12009}>
2017-10-05 21:08:13,928 :: WARNING :: UPDATE error : <N1QL Execution failed, OBJ={u'msg': u'DML Error, possible causes include CAS mismatch or concurrent modificationFailed to perform update - cause: MCResponse status=KEY_EEXISTS, opcode=SET, opaque=0, msg: Data exists for key', u'code': 12009}>
2017-10-05 21:09:14,544 :: WARNING :: UPDATE error : <N1QL Execution failed, OBJ={u'msg': u'DML Error, possible causes include CAS mismatch or concurrent modificationFailed to perform update - cause: MCResponse status=KEY_EEXISTS, opcode=SET, opaque=0, msg: Data exists for key', u'code': 12009}>
2017-10-05 21:09:44,904 :: WARNING :: UPDATE error : <N1QL Execution failed, OBJ={u'msg': u'DML Error, possible causes include CAS mismatch or concurrent modificationFailed to perform update - cause: MCResponse status=KEY_EEXISTS, opcode=SET, opaque=0, msg: Data exists for key', u'code': 12009}>
2017-10-06 10:46:33,881 :: WARNING :: UPDATE error : <N1QL Execution failed, OBJ={u'msg': u'DML Error, possible causes include CAS mismatch or concurrent modificationFailed to perform update - cause: MCResponse status=KEY_EEXISTS, opcode=SET, opaque=0, msg: Data exists for key', u'code': 12009}>
2017-10-06 10:56:48,034 :: INFO :: comparaison en cours
2017-10-06 10:57:03,150 :: INFO :: comparaison en cours
2017-10-06 10:57:18,373 :: INFO :: comparaison en cours
2017-10-06 10:57:33,493 :: INFO :: comparaison en cours
2017-10-06 10:57:48,619 :: INFO :: comparaison en cours
2017-10-06 10:58:03,737 :: INFO :: comparaison en cours
2017-10-06 10:58:18,859 :: INFO :: comparaison en cours
2017-10-06 10:58:33,971 :: INFO :: comparaison en cours
2017-10-06 10:58:49,074 :: INFO :: comparaison en cours
2017-10-06 10:59:04,195 :: INFO :: comparaison en cours
2017-10-06 10:59:19,303 :: INFO :: comparaison en cours
2017-10-06 10:59:34,409 :: INFO :: comparaison en cours
2017-10-06 10:59:49,530 :: INFO :: comparaison en cours
2017-10-06 11:00:04,644 :: INFO :: comparaison en cours
2017-10-06 11:00:19,806 :: INFO :: comparaison en cours
2017-10-06 11:00:34,919 :: INFO :: comparaison en cours
2017-10-06 11:00:50,037 :: INFO :: comparaison en cours
2017-10-06 11:01:05,158 :: INFO :: comparaison en cours
2017-10-06 11:01:20,277 :: INFO :: comparaison en cours
2017-10-06 11:01:35,399 :: INFO :: comparaison en cours
2017-10-06 11:01:50,518 :: INFO :: comparaison en cours
2017-10-06 11:02:05,836 :: INFO :: comparaison en cours
2017-10-06 11:02:20,960 :: INFO :: comparaison en cours
2017-10-06 11:02:36,071 :: INFO :: comparaison en cours
2017-10-06 11:02:51,203 :: INFO :: comparaison en cours
2017-10-06 11:03:06,323 :: INFO :: comparaison en cours
2017-10-06 11:03:21,443 :: INFO :: comparaison en cours
2017-10-06 11:03:36,560 :: INFO :: comparaison en cours
2017-10-06 11:03:51,678 :: INFO :: comparaison en cours
2017-10-06 11:04:06,860 :: INFO :: comparaison en cours
2017-10-06 11:04:21,960 :: INFO :: comparaison en cours
2017-10-06 11:04:37,066 :: INFO :: comparaison en cours
2017-10-06 11:04:52,179 :: INFO :: comparaison en cours
2017-10-06 11:05:07,305 :: INFO :: comparaison en cours
2017-10-06 11:05:22,420 :: INFO :: comparaison en cours
2017-10-06 11:05:37,547 :: INFO :: comparaison en cours
2017-10-06 11:05:52,669 :: INFO :: comparaison en cours
2017-10-06 11:06:07,792 :: INFO :: comparaison en cours
2017-10-06 11:06:22,899 :: INFO :: comparaison en cours
2017-10-06 11:06:38,011 :: INFO :: comparaison en cours
2017-10-06 11:06:53,127 :: INFO :: comparaison en cours
2017-10-06 11:07:08,243 :: INFO :: comparaison en cours
2017-10-06 11:07:23,360 :: INFO :: comparaison en cours
2017-10-06 11:07:38,481 :: INFO :: comparaison en cours
2017-10-06 11:07:53,608 :: INFO :: comparaison en cours
2017-10-06 11:08:08,727 :: INFO :: comparaison en cours
2017-10-06 11:08:23,854 :: INFO :: comparaison en cours
2017-10-06 11:08:38,970 :: INFO :: comparaison en cours
2017-10-06 11:08:54,089 :: INFO :: comparaison en cours
2017-10-06 11:09:09,210 :: INFO :: comparaison en cours
2017-10-06 11:09:24,334 :: INFO :: comparaison en cours
2017-10-06 11:09:39,449 :: INFO :: comparaison en cours
2017-10-06 11:09:54,556 :: INFO :: comparaison en cours
2017-10-06 11:10:09,671 :: INFO :: comparaison en cours
2017-10-06 11:10:24,771 :: INFO :: comparaison en cours
2017-10-06 11:10:39,885 :: INFO :: comparaison en cours
2017-10-06 11:10:54,999 :: INFO :: comparaison en cours
2017-10-06 11:11:10,111 :: INFO :: comparaison en cours
2017-10-06 11:11:25,228 :: INFO :: comparaison en cours
2017-10-06 11:11:40,346 :: INFO :: comparaison en cours
2017-10-06 11:11:55,457 :: INFO :: comparaison en cours
2017-10-06 11:12:10,579 :: INFO :: comparaison en cours
2017-10-06 11:12:25,708 :: INFO :: comparaison en cours
2017-10-06 11:12:40,823 :: INFO :: comparaison en cours
2017-10-06 11:12:55,943 :: INFO :: comparaison en cours
2017-10-06 11:13:11,060 :: INFO :: comparaison en cours
2017-10-06 11:13:26,168 :: INFO :: comparaison en cours
2017-10-06 11:13:41,312 :: INFO :: comparaison en cours
2017-10-06 11:13:56,428 :: INFO :: comparaison en cours
2017-10-06 11:14:11,543 :: INFO :: comparaison en cours
2017-10-06 11:14:26,659 :: INFO :: comparaison en cours
2017-10-06 11:14:41,793 :: INFO :: comparaison en cours
2017-10-06 11:14:56,906 :: INFO :: comparaison en cours
2017-10-06 11:15:12,022 :: INFO :: comparaison en cours
2017-10-06 11:15:27,131 :: INFO :: comparaison en cours
2017-10-06 11:15:42,243 :: INFO :: comparaison en cours
2017-10-06 11:15:57,352 :: INFO :: comparaison en cours
2017-10-06 11:16:12,464 :: INFO :: comparaison en cours
2017-10-06 11:16:27,581 :: INFO :: comparaison en cours
2017-10-06 11:16:42,693 :: INFO :: comparaison en cours
2017-10-06 11:16:57,806 :: INFO :: comparaison en cours
2017-10-06 11:17:12,927 :: INFO :: comparaison en cours
2017-10-06 11:17:28,041 :: INFO :: comparaison en cours
2017-10-06 11:17:43,163 :: INFO :: comparaison en cours
2017-10-06 11:17:58,282 :: INFO :: comparaison en cours
2017-10-06 11:18:13,406 :: INFO :: comparaison en cours
2017-10-06 11:18:28,513 :: INFO :: comparaison en cours
2017-10-06 11:18:43,627 :: INFO :: comparaison en cours
2017-10-06 11:18:58,751 :: INFO :: comparaison en cours
2017-10-06 11:19:13,863 :: INFO :: comparaison en cours
2017-10-06 11:19:28,983 :: INFO :: comparaison en cours
2017-10-06 11:19:44,095 :: INFO :: comparaison en cours
2017-10-06 11:19:59,207 :: INFO :: comparaison en cours
2017-10-06 11:20:14,318 :: INFO :: comparaison en cours
2017-10-06 11:20:29,440 :: INFO :: comparaison en cours
2017-10-06 11:20:44,554 :: INFO :: comparaison en cours
2017-10-06 11:20:59,660 :: INFO :: comparaison en cours
2017-10-06 11:21:14,795 :: INFO :: comparaison en cours
2017-10-06 11:21:29,918 :: INFO :: comparaison en cours
2017-10-06 11:21:45,030 :: INFO :: comparaison en cours
2017-10-06 11:22:00,139 :: INFO :: comparaison en cours
2017-10-06 11:22:15,255 :: INFO :: comparaison en cours
2017-10-06 11:22:30,360 :: INFO :: comparaison en cours
2017-10-06 11:22:45,487 :: INFO :: comparaison en cours
2017-10-06 11:23:00,619 :: INFO :: comparaison en cours
2017-10-06 11:23:15,730 :: INFO :: comparaison en cours
2017-10-06 11:23:30,856 :: INFO :: comparaison en cours
2017-10-06 11:23:45,972 :: INFO :: comparaison en cours
2017-10-06 11:24:01,090 :: INFO :: comparaison en cours
2017-10-06 11:24:16,208 :: INFO :: comparaison en cours
2017-10-06 11:24:31,331 :: INFO :: comparaison en cours
2017-10-06 11:24:46,446 :: INFO :: comparaison en cours
2017-10-06 11:25:01,562 :: INFO :: comparaison en cours
2017-10-06 11:25:16,763 :: INFO :: comparaison en cours
2017-10-06 11:25:31,877 :: INFO :: comparaison en cours
2017-10-06 11:25:46,995 :: INFO :: comparaison en cours
2017-10-06 11:26:02,111 :: INFO :: comparaison en cours
2017-10-06 11:26:17,368 :: INFO :: comparaison en cours
2017-10-06 11:26:32,478 :: INFO :: comparaison en cours
2017-10-06 11:26:47,599 :: INFO :: comparaison en cours
2017-10-06 11:27:02,718 :: INFO :: comparaison en cours
2017-10-06 11:27:17,836 :: INFO :: comparaison en cours
2017-10-06 11:27:32,959 :: INFO :: comparaison en cours
2017-10-06 11:27:48,071 :: INFO :: comparaison en cours
2017-10-06 11:28:03,183 :: INFO :: comparaison en cours
2017-10-06 11:28:18,330 :: INFO :: comparaison en cours
2017-10-06 11:28:33,703 :: INFO :: comparaison en cours
2017-10-06 11:28:48,811 :: INFO :: comparaison en cours
2017-10-06 11:29:03,937 :: INFO :: comparaison en cours
2017-10-06 11:29:19,051 :: INFO :: comparaison en cours
2017-10-06 11:29:34,171 :: INFO :: comparaison en cours
2017-10-06 11:29:49,273 :: INFO :: comparaison en cours
2017-10-06 11:29:49,353 :: INFO :: id : 547 => Force
2017-10-06 11:30:04,418 :: INFO :: comparaison en cours
2017-10-06 11:30:19,823 :: INFO :: comparaison en cours
2017-10-06 11:30:35,139 :: INFO :: comparaison en cours
2017-10-06 11:30:50,260 :: INFO :: comparaison en cours
2017-10-06 11:31:05,379 :: INFO :: comparaison en cours
2017-10-06 11:31:20,500 :: INFO :: comparaison en cours
2017-10-06 11:31:35,629 :: INFO :: comparaison en cours
2017-10-06 11:31:50,752 :: INFO :: comparaison en cours
2017-10-06 11:32:05,872 :: INFO :: comparaison en cours
2017-10-06 11:32:20,988 :: INFO :: comparaison en cours
2017-10-06 11:32:36,135 :: INFO :: comparaison en cours
2017-10-06 11:32:51,243 :: INFO :: comparaison en cours
2017-10-06 11:33:06,360 :: INFO :: comparaison en cours
2017-10-06 11:33:21,470 :: INFO :: comparaison en cours
2017-10-06 11:33:36,596 :: INFO :: comparaison en cours
2017-10-06 11:33:51,708 :: INFO :: comparaison en cours
2017-10-06 11:34:06,819 :: INFO :: comparaison en cours
2017-10-06 11:34:21,930 :: INFO :: comparaison en cours
2017-10-06 11:34:37,034 :: INFO :: comparaison en cours
2017-10-06 11:34:52,145 :: INFO :: comparaison en cours
2017-10-06 11:35:07,267 :: INFO :: comparaison en cours
2017-10-06 11:35:22,384 :: INFO :: comparaison en cours
2017-10-06 11:35:37,494 :: INFO :: comparaison en cours
2017-10-06 11:35:52,611 :: INFO :: comparaison en cours
2017-10-06 11:36:07,725 :: INFO :: comparaison en cours
2017-10-06 11:36:22,845 :: INFO :: comparaison en cours
2017-10-06 11:36:37,960 :: INFO :: comparaison en cours
2017-10-06 11:36:53,063 :: INFO :: comparaison en cours
2017-10-06 11:37:08,179 :: INFO :: comparaison en cours
2017-10-06 11:37:23,299 :: INFO :: comparaison en cours
2017-10-06 11:37:38,412 :: INFO :: comparaison en cours
2017-10-06 11:37:53,524 :: INFO :: comparaison en cours
2017-10-06 11:38:08,648 :: INFO :: comparaison en cours
2017-10-06 11:38:23,763 :: INFO :: comparaison en cours
2017-10-06 11:38:38,879 :: INFO :: comparaison en cours
2017-10-06 11:38:53,979 :: INFO :: comparaison en cours
2017-10-06 11:39:09,100 :: INFO :: comparaison en cours
2017-10-06 11:39:24,216 :: INFO :: comparaison en cours
2017-10-06 11:39:39,339 :: INFO :: comparaison en cours
2017-10-06 11:39:54,448 :: INFO :: comparaison en cours
2017-10-06 11:40:09,568 :: INFO :: comparaison en cours
2017-10-06 11:40:24,682 :: INFO :: comparaison en cours
2017-10-06 11:40:39,803 :: INFO :: comparaison en cours
2017-10-06 11:40:54,909 :: INFO :: comparaison en cours
2017-10-06 11:41:10,020 :: INFO :: comparaison en cours
2017-10-06 11:41:25,147 :: INFO :: comparaison en cours
2017-10-06 11:41:40,267 :: INFO :: comparaison en cours
2017-10-06 11:41:55,372 :: INFO :: comparaison en cours
2017-10-06 11:42:10,487 :: INFO :: comparaison en cours
2017-10-06 11:42:25,607 :: INFO :: comparaison en cours
2017-10-06 11:42:40,730 :: INFO :: comparaison en cours
2017-10-06 11:42:55,845 :: INFO :: comparaison en cours
2017-10-06 11:43:10,955 :: INFO :: comparaison en cours
2017-10-06 11:43:26,071 :: INFO :: comparaison en cours
2017-10-06 11:43:41,188 :: INFO :: comparaison en cours
2017-10-06 11:43:56,299 :: INFO :: comparaison en cours
2017-10-06 11:44:11,421 :: INFO :: comparaison en cours
2017-10-06 11:44:26,540 :: INFO :: comparaison en cours
2017-10-06 11:44:41,662 :: INFO :: comparaison en cours
2017-10-06 11:44:56,779 :: INFO :: comparaison en cours
2017-10-06 11:45:11,893 :: INFO :: comparaison en cours
2017-10-06 11:45:26,996 :: INFO :: comparaison en cours
2017-10-06 11:45:42,103 :: INFO :: comparaison en cours
2017-10-06 11:45:57,219 :: INFO :: comparaison en cours
2017-10-06 11:46:12,340 :: INFO :: comparaison en cours
2017-10-06 11:46:27,459 :: INFO :: comparaison en cours
2017-10-06 11:46:42,586 :: INFO :: comparaison en cours
2017-10-06 11:46:57,706 :: INFO :: comparaison en cours
2017-10-06 11:47:12,813 :: INFO :: comparaison en cours
2017-10-06 11:47:27,924 :: INFO :: comparaison en cours
2017-10-06 11:47:43,040 :: INFO :: comparaison en cours
2017-10-06 11:47:58,151 :: INFO :: comparaison en cours
2017-10-06 11:48:13,277 :: INFO :: comparaison en cours
2017-10-06 11:48:28,406 :: INFO :: comparaison en cours
2017-10-06 11:48:43,522 :: INFO :: comparaison en cours
2017-10-06 11:48:58,644 :: INFO :: comparaison en cours
2017-10-06 11:49:13,770 :: INFO :: comparaison en cours
2017-10-06 11:49:28,881 :: INFO :: comparaison en cours
2017-10-06 11:49:43,993 :: INFO :: comparaison en cours
2017-10-06 11:49:59,106 :: INFO :: comparaison en cours
2017-10-06 11:50:14,218 :: INFO :: comparaison en cours
2017-10-06 11:50:29,334 :: INFO :: comparaison en cours
2017-10-06 11:50:44,448 :: INFO :: comparaison en cours
2017-10-06 11:50:59,557 :: INFO :: comparaison en cours
2017-10-06 11:51:14,675 :: INFO :: comparaison en cours
2017-10-06 11:51:29,796 :: INFO :: comparaison en cours
2017-10-06 11:51:44,906 :: INFO :: comparaison en cours
2017-10-06 11:52:00,020 :: INFO :: comparaison en cours
2017-10-06 11:52:15,127 :: INFO :: comparaison en cours
2017-10-06 11:52:30,249 :: INFO :: comparaison en cours
2017-10-06 11:52:45,369 :: INFO :: comparaison en cours
2017-10-06 11:53:00,483 :: INFO :: comparaison en cours
2017-10-06 11:53:15,599 :: INFO :: comparaison en cours
2017-10-06 11:53:30,699 :: INFO :: comparaison en cours
2017-10-06 11:53:45,813 :: INFO :: comparaison en cours
2017-10-06 11:54:01,001 :: INFO :: comparaison en cours
2017-10-06 11:54:16,114 :: INFO :: comparaison en cours
2017-10-06 11:54:31,231 :: INFO :: comparaison en cours
2017-10-06 11:54:46,349 :: INFO :: comparaison en cours
2017-10-06 11:55:01,463 :: INFO :: comparaison en cours
2017-10-06 11:55:16,574 :: INFO :: comparaison en cours
2017-10-06 11:55:31,791 :: INFO :: comparaison en cours
2017-10-06 11:55:46,902 :: INFO :: comparaison en cours
2017-10-06 11:56:02,167 :: INFO :: comparaison en cours
2017-10-06 11:56:17,468 :: INFO :: comparaison en cours
2017-10-06 11:56:32,578 :: INFO :: comparaison en cours
2017-10-06 11:56:47,701 :: INFO :: comparaison en cours
2017-10-06 11:57:02,834 :: INFO :: comparaison en cours
2017-10-06 11:57:18,067 :: INFO :: comparaison en cours
2017-10-06 11:57:33,171 :: INFO :: comparaison en cours
2017-10-06 11:57:48,282 :: INFO :: comparaison en cours
2017-10-06 11:58:03,586 :: INFO :: comparaison en cours
2017-10-06 11:58:18,700 :: INFO :: comparaison en cours
2017-10-06 11:58:33,818 :: INFO :: comparaison en cours
2017-10-06 11:58:48,926 :: INFO :: comparaison en cours
2017-10-06 11:59:04,038 :: INFO :: comparaison en cours
2017-10-06 11:59:19,152 :: INFO :: comparaison en cours
2017-10-06 11:59:34,261 :: INFO :: comparaison en cours
2017-10-06 11:59:49,379 :: INFO :: comparaison en cours
2017-10-06 12:00:04,991 :: INFO :: comparaison en cours
2017-10-06 12:00:20,274 :: INFO :: comparaison en cours
2017-10-06 12:00:35,430 :: INFO :: comparaison en cours
2017-10-06 12:00:50,545 :: INFO :: comparaison en cours
2017-10-06 12:01:05,687 :: INFO :: comparaison en cours
2017-10-06 12:01:20,795 :: INFO :: comparaison en cours
2017-10-06 12:01:35,906 :: INFO :: comparaison en cours
2017-10-06 12:01:51,030 :: INFO :: comparaison en cours
2017-10-06 12:02:06,382 :: INFO :: comparaison en cours
2017-10-06 12:02:21,501 :: INFO :: comparaison en cours
2017-10-06 12:02:36,619 :: INFO :: comparaison en cours
2017-10-06 12:02:51,751 :: INFO :: comparaison en cours
2017-10-06 12:03:06,927 :: INFO :: comparaison en cours
2017-10-06 12:03:22,038 :: INFO :: comparaison en cours
2017-10-06 12:03:37,155 :: INFO :: comparaison en cours
2017-10-06 12:03:52,274 :: INFO :: comparaison en cours
2017-10-06 12:04:07,779 :: INFO :: comparaison en cours
2017-10-06 12:04:22,898 :: INFO :: comparaison en cours
2017-10-06 12:04:38,004 :: INFO :: comparaison en cours
2017-10-06 12:04:53,158 :: INFO :: comparaison en cours
2017-10-06 12:05:08,336 :: INFO :: comparaison en cours
2017-10-06 12:05:23,450 :: INFO :: comparaison en cours
2017-10-06 12:05:38,568 :: INFO :: comparaison en cours
2017-10-06 12:05:53,690 :: INFO :: comparaison en cours
2017-10-06 12:06:09,174 :: INFO :: comparaison en cours
2017-10-06 12:06:24,287 :: INFO :: comparaison en cours
2017-10-06 12:06:39,408 :: INFO :: comparaison en cours
2017-10-06 12:06:54,530 :: INFO :: comparaison en cours
2017-10-06 12:07:09,644 :: INFO :: comparaison en cours
2017-10-06 12:07:24,762 :: INFO :: comparaison en cours
2017-10-06 12:07:39,888 :: INFO :: comparaison en cours
2017-10-06 12:07:55,015 :: INFO :: comparaison en cours
2017-10-06 12:08:10,568 :: INFO :: comparaison en cours
2017-10-06 12:08:25,693 :: INFO :: comparaison en cours
2017-10-06 12:08:40,820 :: INFO :: comparaison en cours
2017-10-06 12:08:55,943 :: INFO :: comparaison en cours
2017-10-06 12:09:11,064 :: INFO :: comparaison en cours
2017-10-06 12:09:26,183 :: INFO :: comparaison en cours
2017-10-06 12:09:41,290 :: INFO :: comparaison en cours
2017-10-06 12:09:56,410 :: INFO :: comparaison en cours
2017-10-06 12:10:12,027 :: INFO :: comparaison en cours
2017-10-06 12:10:27,160 :: INFO :: comparaison en cours
2017-10-06 12:10:42,286 :: INFO :: comparaison en cours
2017-10-06 12:10:57,402 :: INFO :: comparaison en cours
2017-10-06 12:11:12,519 :: INFO :: comparaison en cours
2017-10-06 12:11:27,640 :: INFO :: comparaison en cours
2017-10-06 12:11:42,755 :: INFO :: comparaison en cours
2017-10-06 12:11:57,866 :: INFO :: comparaison en cours
2017-10-06 12:12:13,391 :: INFO :: comparaison en cours
2017-10-06 12:12:28,501 :: INFO :: comparaison en cours
2017-10-06 12:12:43,618 :: INFO :: comparaison en cours
2017-10-06 12:12:58,734 :: INFO :: comparaison en cours
2017-10-06 12:13:13,844 :: INFO :: comparaison en cours
2017-10-06 12:13:28,953 :: INFO :: comparaison en cours
2017-10-06 12:13:44,071 :: INFO :: comparaison en cours
2017-10-06 12:13:59,186 :: INFO :: comparaison en cours
2017-10-06 12:14:14,803 :: INFO :: comparaison en cours
2017-10-06 12:14:14,860 :: INFO :: id : 496 => Auto
2017-10-06 12:14:29,945 :: INFO :: comparaison en cours
2017-10-06 12:14:45,060 :: INFO :: comparaison en cours
2017-10-06 12:15:00,183 :: INFO :: comparaison en cours
2017-10-06 12:15:15,299 :: INFO :: comparaison en cours
2017-10-06 12:15:30,415 :: INFO :: comparaison en cours
2017-10-06 12:15:45,536 :: INFO :: comparaison en cours
2017-10-06 12:16:00,660 :: INFO :: comparaison en cours
2017-10-06 12:16:16,235 :: INFO :: comparaison en cours
2017-10-06 12:16:31,362 :: INFO :: comparaison en cours
2017-10-06 12:16:46,484 :: INFO :: comparaison en cours
2017-10-06 12:17:01,595 :: INFO :: comparaison en cours
2017-10-06 12:17:16,930 :: INFO :: comparaison en cours
2017-10-06 12:17:32,045 :: INFO :: comparaison en cours
2017-10-06 12:17:47,155 :: INFO :: comparaison en cours
2017-10-06 12:18:02,275 :: INFO :: comparaison en cours
2017-10-06 12:18:19,068 :: INFO :: comparaison en cours
2017-10-06 12:18:34,188 :: INFO :: comparaison en cours
2017-10-06 12:18:49,302 :: INFO :: comparaison en cours
2017-10-06 12:19:04,423 :: INFO :: comparaison en cours
2017-10-06 12:19:19,545 :: INFO :: comparaison en cours
2017-10-06 12:19:34,659 :: INFO :: comparaison en cours
2017-10-06 12:19:49,779 :: INFO :: comparaison en cours
2017-10-06 12:20:04,891 :: INFO :: comparaison en cours
2017-10-06 12:20:20,184 :: INFO :: comparaison en cours
2017-10-06 12:20:35,311 :: INFO :: comparaison en cours
2017-10-06 12:20:50,427 :: INFO :: comparaison en cours
2017-10-06 12:21:05,543 :: INFO :: comparaison en cours
2017-10-06 12:21:20,664 :: INFO :: comparaison en cours
2017-10-06 12:21:35,777 :: INFO :: comparaison en cours
2017-10-06 12:21:50,874 :: INFO :: comparaison en cours
2017-10-06 12:22:05,995 :: INFO :: comparaison en cours
2017-10-06 12:22:21,102 :: INFO :: comparaison en cours
2017-10-06 12:22:36,215 :: INFO :: comparaison en cours
2017-10-06 12:22:51,326 :: INFO :: comparaison en cours
2017-10-06 12:23:06,439 :: INFO :: comparaison en cours
2017-10-06 12:23:21,563 :: INFO :: comparaison en cours
2017-10-06 12:23:36,669 :: INFO :: comparaison en cours
2017-10-06 12:23:51,795 :: INFO :: comparaison en cours
2017-10-06 12:24:06,906 :: INFO :: comparaison en cours
2017-10-06 12:24:22,019 :: INFO :: comparaison en cours
2017-10-06 12:24:37,133 :: INFO :: comparaison en cours
2017-10-06 12:24:52,247 :: INFO :: comparaison en cours
2017-10-06 12:25:07,360 :: INFO :: comparaison en cours
2017-10-06 12:25:22,479 :: INFO :: comparaison en cours
2017-10-06 12:25:37,592 :: INFO :: comparaison en cours
2017-10-06 12:25:52,706 :: INFO :: comparaison en cours
2017-10-06 12:26:07,827 :: INFO :: comparaison en cours
2017-10-06 12:26:22,993 :: INFO :: comparaison en cours
2017-10-06 12:26:38,113 :: INFO :: comparaison en cours
2017-10-06 12:26:53,230 :: INFO :: comparaison en cours
2017-10-06 12:27:08,330 :: INFO :: comparaison en cours
2017-10-06 12:27:23,443 :: INFO :: comparaison en cours
2017-10-06 12:27:38,555 :: INFO :: comparaison en cours
2017-10-06 12:27:53,675 :: INFO :: comparaison en cours
2017-10-06 12:28:08,784 :: INFO :: comparaison en cours
2017-10-06 12:28:23,906 :: INFO :: comparaison en cours
2017-10-06 12:28:39,008 :: INFO :: comparaison en cours
2017-10-06 12:28:54,128 :: INFO :: comparaison en cours
2017-10-06 12:29:09,243 :: INFO :: comparaison en cours
2017-10-06 12:29:24,360 :: INFO :: comparaison en cours
2017-10-06 12:29:39,468 :: INFO :: comparaison en cours
2017-10-06 12:29:54,581 :: INFO :: comparaison en cours
2017-10-06 12:30:09,707 :: INFO :: comparaison en cours
2017-10-06 12:30:24,824 :: INFO :: comparaison en cours
2017-10-06 12:30:39,939 :: INFO :: comparaison en cours
2017-10-06 12:30:55,059 :: INFO :: comparaison en cours
2017-10-06 12:31:10,168 :: INFO :: comparaison en cours
2017-10-06 12:31:25,283 :: INFO :: comparaison en cours
2017-10-06 12:31:40,400 :: INFO :: comparaison en cours
2017-10-06 12:31:55,515 :: INFO :: comparaison en cours
2017-10-06 12:32:10,631 :: INFO :: comparaison en cours
2017-10-06 12:32:25,755 :: INFO :: comparaison en cours
2017-10-06 12:32:40,860 :: INFO :: comparaison en cours
2017-10-06 12:32:55,969 :: INFO :: comparaison en cours
2017-10-06 12:33:11,080 :: INFO :: comparaison en cours
2017-10-06 12:33:26,195 :: INFO :: comparaison en cours
2017-10-06 12:33:41,307 :: INFO :: comparaison en cours
2017-10-06 12:33:56,420 :: INFO :: comparaison en cours
2017-10-06 12:34:11,536 :: INFO :: comparaison en cours
2017-10-06 12:34:26,642 :: INFO :: comparaison en cours
2017-10-06 12:34:41,751 :: INFO :: comparaison en cours
2017-10-06 12:34:56,860 :: INFO :: comparaison en cours
2017-10-06 12:35:11,968 :: INFO :: comparaison en cours
2017-10-06 12:35:27,084 :: INFO :: comparaison en cours
2017-10-06 12:35:42,208 :: INFO :: comparaison en cours
2017-10-06 12:35:57,341 :: INFO :: comparaison en cours
2017-10-06 12:36:12,443 :: INFO :: comparaison en cours
2017-10-06 12:36:27,569 :: INFO :: comparaison en cours
2017-10-06 12:36:42,684 :: INFO :: comparaison en cours
2017-10-06 12:36:57,799 :: INFO :: comparaison en cours
2017-10-06 12:37:12,919 :: INFO :: comparaison en cours
2017-10-06 12:37:28,026 :: INFO :: comparaison en cours
2017-10-06 12:37:43,352 :: INFO :: comparaison en cours
2017-10-06 12:37:58,471 :: INFO :: comparaison en cours
2017-10-06 12:38:13,584 :: INFO :: comparaison en cours
2017-10-06 12:38:28,706 :: INFO :: comparaison en cours
2017-10-06 12:38:43,820 :: INFO :: comparaison en cours
2017-10-06 12:38:58,931 :: INFO :: comparaison en cours
2017-10-06 12:39:14,053 :: INFO :: comparaison en cours
2017-10-06 12:39:29,171 :: INFO :: comparaison en cours
2017-10-06 12:39:44,378 :: INFO :: comparaison en cours
2017-10-06 12:39:59,493 :: INFO :: comparaison en cours
2017-10-06 12:40:14,608 :: INFO :: comparaison en cours
2017-10-06 12:40:29,727 :: INFO :: comparaison en cours
2017-10-06 12:40:44,834 :: INFO :: comparaison en cours
2017-10-06 12:40:59,943 :: INFO :: comparaison en cours
2017-10-06 12:41:15,055 :: INFO :: comparaison en cours
2017-10-06 12:41:30,171 :: INFO :: comparaison en cours
2017-10-06 12:41:45,299 :: INFO :: comparaison en cours
2017-10-06 12:42:00,413 :: INFO :: comparaison en cours
2017-10-06 12:42:15,519 :: INFO :: comparaison en cours
2017-10-06 12:42:30,642 :: INFO :: comparaison en cours
2017-10-06 12:42:45,756 :: INFO :: comparaison en cours
2017-10-06 12:43:00,872 :: INFO :: comparaison en cours
2017-10-06 12:43:15,983 :: INFO :: comparaison en cours
2017-10-06 12:43:31,106 :: INFO :: comparaison en cours
2017-10-06 12:43:46,219 :: INFO :: comparaison en cours
2017-10-06 12:44:01,334 :: INFO :: comparaison en cours
2017-10-06 12:44:16,449 :: INFO :: comparaison en cours
2017-10-06 12:44:31,562 :: INFO :: comparaison en cours
2017-10-06 12:44:46,682 :: INFO :: comparaison en cours
2017-10-06 12:45:01,801 :: INFO :: comparaison en cours
2017-10-06 12:45:17,155 :: INFO :: comparaison en cours
2017-10-06 12:45:32,267 :: INFO :: comparaison en cours
2017-10-06 12:45:47,383 :: INFO :: comparaison en cours
2017-10-06 12:46:02,494 :: INFO :: comparaison en cours
2017-10-06 12:46:17,707 :: INFO :: comparaison en cours
2017-10-06 12:46:32,847 :: INFO :: comparaison en cours
2017-10-06 12:46:47,953 :: INFO :: comparaison en cours
2017-10-06 12:47:03,067 :: INFO :: comparaison en cours
2017-10-06 12:47:18,203 :: INFO :: comparaison en cours
2017-10-06 12:47:33,323 :: INFO :: comparaison en cours
2017-10-06 12:47:48,431 :: INFO :: comparaison en cours
2017-10-06 12:48:03,551 :: INFO :: comparaison en cours
2017-10-06 12:48:18,685 :: INFO :: comparaison en cours
2017-10-06 12:48:33,791 :: INFO :: comparaison en cours
2017-10-06 12:48:48,899 :: INFO :: comparaison en cours
2017-10-06 12:49:04,009 :: INFO :: comparaison en cours
2017-10-06 12:49:19,122 :: INFO :: comparaison en cours
2017-10-06 12:49:34,249 :: INFO :: comparaison en cours
2017-10-06 12:49:49,368 :: INFO :: comparaison en cours
2017-10-06 12:50:04,483 :: INFO :: comparaison en cours
2017-10-06 12:50:19,645 :: INFO :: comparaison en cours
2017-10-06 12:50:34,769 :: INFO :: comparaison en cours
2017-10-06 12:50:49,885 :: INFO :: comparaison en cours
2017-10-06 12:51:04,997 :: INFO :: comparaison en cours
2017-10-06 12:51:20,118 :: INFO :: comparaison en cours
2017-10-06 12:51:35,233 :: INFO :: comparaison en cours
2017-10-06 12:51:50,346 :: INFO :: comparaison en cours
2017-10-06 12:52:05,461 :: INFO :: comparaison en cours
2017-10-06 12:52:20,579 :: INFO :: comparaison en cours
2017-10-06 12:52:35,699 :: INFO :: comparaison en cours
2017-10-06 12:52:50,822 :: INFO :: comparaison en cours
2017-10-06 12:53:05,943 :: INFO :: comparaison en cours
2017-10-06 12:53:21,060 :: INFO :: comparaison en cours
2017-10-06 12:53:36,180 :: INFO :: comparaison en cours
2017-10-06 12:53:51,284 :: INFO :: comparaison en cours
2017-10-06 12:54:06,399 :: INFO :: comparaison en cours
2017-10-06 12:54:21,518 :: INFO :: comparaison en cours
2017-10-06 12:54:36,645 :: INFO :: comparaison en cours
2017-10-06 12:54:51,762 :: INFO :: comparaison en cours
2017-10-06 12:55:06,873 :: INFO :: comparaison en cours
2017-10-06 12:55:21,989 :: INFO :: comparaison en cours
2017-10-06 12:55:37,106 :: INFO :: comparaison en cours
2017-10-06 12:55:52,222 :: INFO :: comparaison en cours
2017-10-06 12:56:07,335 :: INFO :: comparaison en cours
2017-10-06 12:56:22,457 :: INFO :: comparaison en cours
2017-10-06 12:56:37,585 :: INFO :: comparaison en cours
2017-10-06 12:56:52,708 :: INFO :: comparaison en cours
2017-10-06 12:57:07,818 :: INFO :: comparaison en cours
2017-10-06 12:57:22,943 :: INFO :: comparaison en cours
2017-10-06 12:57:38,053 :: INFO :: comparaison en cours
2017-10-06 12:57:53,170 :: INFO :: comparaison en cours
2017-10-06 12:58:08,297 :: INFO :: comparaison en cours
2017-10-06 12:58:23,419 :: INFO :: comparaison en cours
2017-10-06 12:58:38,538 :: INFO :: comparaison en cours
2017-10-06 12:58:53,664 :: INFO :: comparaison en cours
2017-10-06 12:59:08,779 :: INFO :: comparaison en cours
2017-10-06 12:59:23,880 :: INFO :: comparaison en cours
2017-10-06 12:59:38,994 :: INFO :: comparaison en cours
2017-10-06 12:59:54,108 :: INFO :: comparaison en cours
2017-10-06 13:00:09,222 :: INFO :: comparaison en cours
2017-10-06 13:00:24,339 :: INFO :: comparaison en cours
2017-10-06 13:00:39,460 :: INFO :: comparaison en cours
2017-10-06 13:00:54,573 :: INFO :: comparaison en cours
2017-10-06 13:01:09,691 :: INFO :: comparaison en cours
2017-10-06 13:01:24,807 :: INFO :: comparaison en cours
2017-10-06 13:01:39,927 :: INFO :: comparaison en cours
2017-10-06 13:01:55,031 :: INFO :: comparaison en cours
2017-10-06 13:02:10,134 :: INFO :: comparaison en cours
2017-10-06 13:02:25,260 :: INFO :: comparaison en cours
2017-10-06 13:02:40,371 :: INFO :: comparaison en cours
2017-10-06 13:02:55,489 :: INFO :: comparaison en cours
2017-10-06 13:03:10,612 :: INFO :: comparaison en cours
2017-10-06 13:03:25,739 :: INFO :: comparaison en cours
2017-10-06 13:03:40,853 :: INFO :: comparaison en cours
2017-10-06 13:03:55,960 :: INFO :: comparaison en cours
2017-10-06 13:04:11,075 :: INFO :: comparaison en cours
2017-10-06 13:04:26,196 :: INFO :: comparaison en cours
2017-10-06 13:04:41,311 :: INFO :: comparaison en cours
2017-10-06 13:04:56,418 :: INFO :: comparaison en cours
2017-10-06 13:05:11,533 :: INFO :: comparaison en cours
2017-10-06 13:05:26,655 :: INFO :: comparaison en cours
2017-10-06 13:05:41,775 :: INFO :: comparaison en cours
2017-10-06 13:05:56,898 :: INFO :: comparaison en cours
2017-10-06 13:06:12,149 :: INFO :: comparaison en cours
2017-10-06 13:06:27,260 :: INFO :: comparaison en cours
2017-10-06 13:06:42,382 :: INFO :: comparaison en cours
2017-10-06 13:06:57,493 :: INFO :: comparaison en cours
2017-10-06 13:07:12,607 :: INFO :: comparaison en cours
2017-10-06 13:07:27,722 :: INFO :: comparaison en cours
2017-10-06 13:07:42,826 :: INFO :: comparaison en cours
2017-10-06 13:07:57,943 :: INFO :: comparaison en cours
2017-10-06 13:08:13,136 :: INFO :: comparaison en cours
2017-10-06 13:08:28,244 :: INFO :: comparaison en cours
2017-10-06 13:08:43,357 :: INFO :: comparaison en cours
2017-10-06 13:08:58,471 :: INFO :: comparaison en cours
2017-10-06 13:09:13,579 :: INFO :: comparaison en cours
2017-10-06 13:09:28,699 :: INFO :: comparaison en cours
2017-10-06 13:09:43,819 :: INFO :: comparaison en cours
2017-10-06 13:09:58,931 :: INFO :: comparaison en cours
2017-10-06 13:10:14,043 :: INFO :: comparaison en cours
2017-10-06 13:10:29,144 :: INFO :: comparaison en cours
2017-10-06 13:10:44,268 :: INFO :: comparaison en cours
2017-10-06 13:10:59,379 :: INFO :: comparaison en cours
2017-10-06 13:11:14,490 :: INFO :: comparaison en cours
2017-10-06 13:11:29,613 :: INFO :: comparaison en cours
2017-10-06 13:11:44,727 :: INFO :: comparaison en cours
2017-10-06 13:11:59,845 :: INFO :: comparaison en cours
2017-10-06 13:12:14,968 :: INFO :: comparaison en cours
2017-10-06 13:12:30,087 :: INFO :: comparaison en cours
2017-10-06 13:12:45,199 :: INFO :: comparaison en cours
2017-10-06 13:13:00,320 :: INFO :: comparaison en cours
2017-10-06 13:13:15,435 :: INFO :: comparaison en cours
2017-10-06 13:13:30,541 :: INFO :: comparaison en cours
2017-10-06 13:13:45,662 :: INFO :: comparaison en cours
2017-10-06 13:14:00,791 :: INFO :: comparaison en cours
2017-10-06 13:14:15,899 :: INFO :: comparaison en cours
2017-10-06 13:14:31,006 :: INFO :: comparaison en cours
2017-10-06 13:14:46,129 :: INFO :: comparaison en cours
2017-10-06 13:15:01,238 :: INFO :: comparaison en cours
2017-10-06 13:15:16,355 :: INFO :: comparaison en cours
2017-10-06 13:15:31,481 :: INFO :: comparaison en cours
2017-10-06 13:15:46,598 :: INFO :: comparaison en cours
2017-10-06 13:16:01,723 :: INFO :: comparaison en cours
2017-10-06 13:16:16,971 :: INFO :: comparaison en cours
2017-10-06 13:16:32,083 :: INFO :: comparaison en cours
2017-10-06 13:16:47,194 :: INFO :: comparaison en cours
2017-10-06 13:17:02,315 :: INFO :: comparaison en cours
2017-10-06 13:17:17,508 :: INFO :: comparaison en cours
2017-10-06 13:17:32,623 :: INFO :: comparaison en cours
2017-10-06 13:17:47,735 :: INFO :: comparaison en cours
2017-10-06 13:18:02,846 :: INFO :: comparaison en cours
2017-10-06 13:18:17,993 :: INFO :: comparaison en cours
2017-10-06 13:18:33,115 :: INFO :: comparaison en cours
2017-10-06 13:18:48,228 :: INFO :: comparaison en cours
2017-10-06 13:19:03,347 :: INFO :: comparaison en cours
2017-10-06 13:19:18,468 :: INFO :: comparaison en cours
2017-10-06 13:19:33,579 :: INFO :: comparaison en cours
2017-10-06 13:19:48,701 :: INFO :: comparaison en cours
2017-10-06 13:20:03,815 :: INFO :: comparaison en cours
2017-10-06 13:20:19,006 :: INFO :: comparaison en cours
2017-10-06 13:20:34,119 :: INFO :: comparaison en cours
2017-10-06 13:20:49,235 :: INFO :: comparaison en cours
2017-10-06 13:21:04,347 :: INFO :: comparaison en cours
2017-10-06 13:21:19,460 :: INFO :: comparaison en cours
2017-10-06 13:21:34,579 :: INFO :: comparaison en cours
2017-10-06 13:21:49,706 :: INFO :: comparaison en cours
2017-10-06 13:22:04,819 :: INFO :: comparaison en cours
2017-10-06 13:22:19,930 :: INFO :: comparaison en cours
2017-10-06 13:22:35,056 :: INFO :: comparaison en cours
2017-10-06 13:22:50,168 :: INFO :: comparaison en cours
2017-10-06 13:23:05,269 :: INFO :: comparaison en cours
2017-10-06 13:23:20,383 :: INFO :: comparaison en cours
2017-10-06 13:23:35,496 :: INFO :: comparaison en cours
2017-10-06 13:23:50,609 :: INFO :: comparaison en cours
2017-10-06 13:24:05,730 :: INFO :: comparaison en cours
2017-10-06 13:24:20,842 :: INFO :: comparaison en cours
2017-10-06 13:24:35,945 :: INFO :: comparaison en cours
2017-10-06 13:24:51,054 :: INFO :: comparaison en cours
2017-10-06 13:25:06,177 :: INFO :: comparaison en cours
2017-10-06 13:25:21,288 :: INFO :: comparaison en cours
2017-10-06 13:25:36,406 :: INFO :: comparaison en cours
2017-10-06 13:25:51,530 :: INFO :: comparaison en cours
2017-10-06 13:26:06,647 :: INFO :: comparaison en cours
2017-10-06 13:26:21,768 :: INFO :: comparaison en cours
2017-10-06 13:26:36,889 :: INFO :: comparaison en cours
2017-10-06 13:26:52,000 :: INFO :: comparaison en cours
2017-10-06 13:27:07,113 :: INFO :: comparaison en cours
2017-10-06 13:27:22,241 :: INFO :: comparaison en cours
2017-10-06 13:27:37,351 :: INFO :: comparaison en cours
2017-10-06 13:27:52,463 :: INFO :: comparaison en cours
2017-10-06 13:28:07,579 :: INFO :: comparaison en cours
2017-10-06 13:28:22,697 :: INFO :: comparaison en cours
2017-10-06 13:28:37,815 :: INFO :: comparaison en cours
2017-10-06 13:28:52,926 :: INFO :: comparaison en cours
2017-10-06 13:29:08,129 :: INFO :: comparaison en cours
2017-10-06 13:29:23,243 :: INFO :: comparaison en cours
2017-10-06 13:29:38,348 :: INFO :: comparaison en cours
2017-10-06 13:29:53,468 :: INFO :: comparaison en cours
2017-10-06 13:29:53,558 :: INFO :: id : 547 => Auto
2017-10-06 13:30:08,616 :: INFO :: comparaison en cours
2017-10-06 13:30:23,739 :: INFO :: comparaison en cours
2017-10-06 13:30:38,851 :: INFO :: comparaison en cours
2017-10-06 13:30:53,968 :: INFO :: comparaison en cours
2017-10-06 13:31:09,539 :: INFO :: comparaison en cours
2017-10-06 13:31:24,652 :: INFO :: comparaison en cours
2017-10-06 13:31:39,768 :: INFO :: comparaison en cours
2017-10-06 13:31:54,876 :: INFO :: comparaison en cours
2017-10-06 13:32:09,983 :: INFO :: comparaison en cours
2017-10-06 13:32:25,086 :: INFO :: comparaison en cours
2017-10-06 13:32:40,198 :: INFO :: comparaison en cours
2017-10-06 13:32:55,326 :: INFO :: comparaison en cours
2017-10-06 13:33:11,006 :: INFO :: comparaison en cours
2017-10-06 13:33:26,115 :: INFO :: comparaison en cours
2017-10-06 13:33:41,220 :: INFO :: comparaison en cours
2017-10-06 13:33:56,347 :: INFO :: comparaison en cours
2017-10-06 13:34:11,460 :: INFO :: comparaison en cours
2017-10-06 13:34:26,576 :: INFO :: comparaison en cours
2017-10-06 13:34:41,712 :: INFO :: comparaison en cours
2017-10-06 13:34:56,830 :: INFO :: comparaison en cours
2017-10-06 13:35:12,451 :: INFO :: comparaison en cours
2017-10-06 13:35:27,575 :: INFO :: comparaison en cours
2017-10-06 13:35:42,694 :: INFO :: comparaison en cours
2017-10-06 13:35:57,809 :: INFO :: comparaison en cours
2017-10-06 13:36:12,927 :: INFO :: comparaison en cours
2017-10-06 13:36:28,044 :: INFO :: comparaison en cours
2017-10-06 13:36:43,207 :: INFO :: comparaison en cours
2017-10-06 13:36:58,331 :: INFO :: comparaison en cours
2017-10-06 13:37:13,866 :: INFO :: comparaison en cours
2017-10-06 13:37:28,981 :: INFO :: comparaison en cours
2017-10-06 13:37:44,099 :: INFO :: comparaison en cours
2017-10-06 13:37:59,208 :: INFO :: comparaison en cours
2017-10-06 13:38:14,312 :: INFO :: comparaison en cours
2017-10-06 13:38:29,448 :: INFO :: comparaison en cours
2017-10-06 13:38:44,823 :: INFO :: comparaison en cours
2017-10-06 13:38:59,931 :: INFO :: comparaison en cours
2017-10-06 13:39:15,346 :: INFO :: comparaison en cours
2017-10-06 13:39:30,460 :: INFO :: comparaison en cours
2017-10-06 13:39:45,575 :: INFO :: comparaison en cours
2017-10-06 13:40:00,690 :: INFO :: comparaison en cours
2017-10-06 13:40:15,813 :: INFO :: comparaison en cours
2017-10-06 13:40:30,932 :: INFO :: comparaison en cours
2017-10-06 13:40:46,052 :: INFO :: comparaison en cours
2017-10-06 13:41:01,167 :: INFO :: comparaison en cours
2017-10-06 13:41:16,881 :: INFO :: comparaison en cours
2017-10-06 13:41:31,988 :: INFO :: comparaison en cours
2017-10-06 13:41:47,108 :: INFO :: comparaison en cours
2017-10-06 13:42:02,230 :: INFO :: comparaison en cours
2017-10-06 13:42:17,618 :: INFO :: comparaison en cours
2017-10-06 13:42:32,749 :: INFO :: comparaison en cours
2017-10-06 13:42:47,859 :: INFO :: comparaison en cours
2017-10-06 13:43:02,975 :: INFO :: comparaison en cours
2017-10-06 13:43:18,430 :: INFO :: comparaison en cours
2017-10-06 13:43:33,543 :: INFO :: comparaison en cours
2017-10-06 13:43:48,655 :: INFO :: comparaison en cours
2017-10-06 13:44:03,779 :: INFO :: comparaison en cours
2017-10-06 13:44:18,919 :: INFO :: comparaison en cours
2017-10-06 13:44:34,022 :: INFO :: comparaison en cours
2017-10-06 13:44:49,146 :: INFO :: comparaison en cours
2017-10-06 13:45:04,275 :: INFO :: comparaison en cours
2017-10-06 13:45:19,380 :: INFO :: comparaison en cours
2017-10-06 13:45:34,494 :: INFO :: comparaison en cours
2017-10-06 13:45:49,618 :: INFO :: comparaison en cours
2017-10-06 13:46:04,739 :: INFO :: comparaison en cours
2017-10-06 13:46:19,839 :: INFO :: comparaison en cours
2017-10-06 13:46:34,947 :: INFO :: comparaison en cours
2017-10-06 13:46:50,064 :: INFO :: comparaison en cours
2017-10-06 13:47:05,180 :: INFO :: comparaison en cours
2017-10-06 13:47:20,299 :: INFO :: comparaison en cours
2017-10-06 13:47:35,412 :: INFO :: comparaison en cours
2017-10-06 13:47:50,529 :: INFO :: comparaison en cours
2017-10-06 13:48:05,655 :: INFO :: comparaison en cours
2017-10-06 13:48:20,771 :: INFO :: comparaison en cours
2017-10-06 13:48:35,890 :: INFO :: comparaison en cours
2017-10-06 13:48:51,002 :: INFO :: comparaison en cours
2017-10-06 13:49:06,118 :: INFO :: comparaison en cours
2017-10-06 13:49:21,236 :: INFO :: comparaison en cours
2017-10-06 13:49:36,357 :: INFO :: comparaison en cours
2017-10-06 13:49:51,461 :: INFO :: comparaison en cours
2017-10-06 13:50:06,572 :: INFO :: comparaison en cours
2017-10-06 13:50:21,699 :: INFO :: comparaison en cours
2017-10-06 13:50:36,815 :: INFO :: comparaison en cours
2017-10-06 13:50:51,925 :: INFO :: comparaison en cours
2017-10-06 13:51:07,043 :: INFO :: comparaison en cours
2017-10-06 13:51:22,161 :: INFO :: comparaison en cours
2017-10-06 13:51:37,275 :: INFO :: comparaison en cours
2017-10-06 13:51:52,393 :: INFO :: comparaison en cours
2017-10-06 13:52:07,510 :: INFO :: comparaison en cours
2017-10-06 13:52:22,623 :: INFO :: comparaison en cours
2017-10-06 13:52:37,743 :: INFO :: comparaison en cours
2017-10-06 13:52:52,851 :: INFO :: comparaison en cours
2017-10-06 13:53:07,964 :: INFO :: comparaison en cours
2017-10-06 13:53:23,088 :: INFO :: comparaison en cours
2017-10-06 13:53:38,203 :: INFO :: comparaison en cours
2017-10-06 13:53:53,308 :: INFO :: comparaison en cours
2017-10-06 13:54:08,424 :: INFO :: comparaison en cours
2017-10-06 13:54:23,543 :: INFO :: comparaison en cours
2017-10-06 13:54:38,643 :: INFO :: comparaison en cours
2017-10-06 13:54:53,757 :: INFO :: comparaison en cours
2017-10-06 13:55:08,870 :: INFO :: comparaison en cours
2017-10-06 13:55:23,985 :: INFO :: comparaison en cours
2017-10-06 13:55:39,105 :: INFO :: comparaison en cours
2017-10-06 13:55:54,220 :: INFO :: comparaison en cours
2017-10-06 13:56:09,333 :: INFO :: comparaison en cours
2017-10-06 13:56:24,440 :: INFO :: comparaison en cours
2017-10-06 13:56:39,563 :: INFO :: comparaison en cours
2017-10-06 13:56:54,669 :: INFO :: comparaison en cours
2017-10-06 13:57:09,786 :: INFO :: comparaison en cours
2017-10-06 13:57:24,897 :: INFO :: comparaison en cours
2017-10-06 13:57:40,018 :: INFO :: comparaison en cours
2017-10-06 13:57:55,130 :: INFO :: comparaison en cours
2017-10-06 13:58:10,242 :: INFO :: comparaison en cours
2017-10-06 13:58:25,361 :: INFO :: comparaison en cours
2017-10-06 13:58:40,483 :: INFO :: comparaison en cours
2017-10-06 13:58:55,614 :: INFO :: comparaison en cours
2017-10-06 13:59:10,726 :: INFO :: comparaison en cours
2017-10-06 13:59:25,847 :: INFO :: comparaison en cours
2017-10-06 13:59:40,968 :: INFO :: comparaison en cours
2017-10-06 13:59:56,095 :: INFO :: comparaison en cours
2017-10-06 14:00:11,209 :: INFO :: comparaison en cours
2017-10-06 14:00:26,327 :: INFO :: comparaison en cours
2017-10-06 14:00:41,448 :: INFO :: comparaison en cours
2017-10-06 14:00:56,569 :: INFO :: comparaison en cours
2017-10-06 14:01:11,686 :: INFO :: comparaison en cours
2017-10-06 14:01:26,806 :: INFO :: comparaison en cours
2017-10-06 14:01:41,919 :: INFO :: comparaison en cours
2017-10-06 14:01:57,035 :: INFO :: comparaison en cours
2017-10-06 14:02:12,206 :: INFO :: comparaison en cours
2017-10-06 14:02:27,317 :: INFO :: comparaison en cours
2017-10-06 14:02:42,430 :: INFO :: comparaison en cours
2017-10-06 14:02:57,552 :: INFO :: comparaison en cours
2017-10-06 14:03:12,677 :: INFO :: comparaison en cours
2017-10-06 14:03:27,791 :: INFO :: comparaison en cours
2017-10-06 14:03:42,915 :: INFO :: comparaison en cours
2017-10-06 14:03:58,030 :: INFO :: comparaison en cours
2017-10-06 14:04:13,143 :: INFO :: comparaison en cours
2017-10-06 14:04:28,257 :: INFO :: comparaison en cours
2017-10-06 14:04:43,371 :: INFO :: comparaison en cours
2017-10-06 14:04:58,483 :: INFO :: comparaison en cours
2017-10-06 14:05:13,594 :: INFO :: comparaison en cours
2017-10-06 14:05:28,710 :: INFO :: comparaison en cours
2017-10-06 14:05:43,828 :: INFO :: comparaison en cours
2017-10-06 14:05:58,952 :: INFO :: comparaison en cours
2017-10-06 14:06:14,067 :: INFO :: comparaison en cours
2017-10-06 14:06:29,191 :: INFO :: comparaison en cours
2017-10-06 14:06:44,303 :: INFO :: comparaison en cours
2017-10-06 14:06:59,419 :: INFO :: comparaison en cours
2017-10-06 14:07:14,532 :: INFO :: comparaison en cours
2017-10-06 14:07:29,643 :: INFO :: comparaison en cours
2017-10-06 14:07:44,768 :: INFO :: comparaison en cours
2017-10-06 14:07:59,875 :: INFO :: comparaison en cours
2017-10-06 14:08:14,987 :: INFO :: comparaison en cours
2017-10-06 14:08:30,103 :: INFO :: comparaison en cours
2017-10-06 14:08:45,216 :: INFO :: comparaison en cours
2017-10-06 14:09:00,339 :: INFO :: comparaison en cours
2017-10-06 14:09:15,668 :: INFO :: comparaison en cours
2017-10-06 14:09:30,789 :: INFO :: comparaison en cours
2017-10-06 14:09:45,899 :: INFO :: comparaison en cours
2017-10-06 14:10:01,023 :: INFO :: comparaison en cours
2017-10-06 14:10:16,139 :: INFO :: comparaison en cours
2017-10-06 14:10:31,255 :: INFO :: comparaison en cours
2017-10-06 14:10:46,380 :: INFO :: comparaison en cours
2017-10-06 14:11:01,490 :: INFO :: comparaison en cours
2017-10-06 14:11:16,722 :: INFO :: comparaison en cours
2017-10-06 14:11:31,835 :: INFO :: comparaison en cours
2017-10-06 14:11:46,953 :: INFO :: comparaison en cours
2017-10-06 14:12:02,071 :: INFO :: comparaison en cours
2017-10-06 14:12:17,306 :: INFO :: comparaison en cours
2017-10-06 14:12:32,427 :: INFO :: comparaison en cours
2017-10-06 14:12:47,547 :: INFO :: comparaison en cours
2017-10-06 14:13:02,667 :: INFO :: comparaison en cours
2017-10-06 14:13:17,904 :: INFO :: comparaison en cours
2017-10-06 14:13:33,017 :: INFO :: comparaison en cours
2017-10-06 14:13:48,143 :: INFO :: comparaison en cours
2017-10-06 14:14:03,268 :: INFO :: comparaison en cours
2017-10-06 14:14:18,391 :: INFO :: comparaison en cours
2017-10-06 14:14:33,503 :: INFO :: comparaison en cours
2017-10-06 14:14:48,631 :: INFO :: comparaison en cours
2017-10-06 14:15:03,743 :: INFO :: comparaison en cours
2017-10-06 14:15:19,239 :: INFO :: comparaison en cours
2017-10-06 14:15:34,360 :: INFO :: comparaison en cours
2017-10-06 14:15:49,475 :: INFO :: comparaison en cours
2017-10-06 14:16:04,591 :: INFO :: comparaison en cours
2017-10-06 14:16:19,714 :: INFO :: comparaison en cours
2017-10-06 14:16:34,827 :: INFO :: comparaison en cours
2017-10-06 14:16:49,945 :: INFO :: comparaison en cours
2017-10-06 14:17:05,065 :: INFO :: comparaison en cours
2017-10-06 14:17:20,173 :: INFO :: comparaison en cours
2017-10-06 14:17:35,283 :: INFO :: comparaison en cours
2017-10-06 14:17:50,395 :: INFO :: comparaison en cours
2017-10-06 14:18:05,512 :: INFO :: comparaison en cours
2017-10-06 14:18:20,625 :: INFO :: comparaison en cours
2017-10-06 14:18:35,755 :: INFO :: comparaison en cours
2017-10-06 14:18:50,870 :: INFO :: comparaison en cours
2017-10-06 14:19:05,983 :: INFO :: comparaison en cours
2017-10-06 14:19:21,111 :: INFO :: comparaison en cours
2017-10-06 14:19:36,227 :: INFO :: comparaison en cours
2017-10-06 14:19:51,341 :: INFO :: comparaison en cours
2017-10-06 14:20:06,456 :: INFO :: comparaison en cours
2017-10-06 14:20:21,554 :: INFO :: comparaison en cours
2017-10-06 14:20:36,671 :: INFO :: comparaison en cours
2017-10-06 14:20:51,788 :: INFO :: comparaison en cours
2017-10-06 14:21:06,915 :: INFO :: comparaison en cours
2017-10-06 14:21:22,029 :: INFO :: comparaison en cours
2017-10-06 14:21:37,137 :: INFO :: comparaison en cours
2017-10-06 14:21:52,255 :: INFO :: comparaison en cours
2017-10-06 14:22:07,360 :: INFO :: comparaison en cours
2017-10-06 14:22:22,471 :: INFO :: comparaison en cours
2017-10-06 14:22:37,588 :: INFO :: comparaison en cours
2017-10-06 14:22:52,755 :: INFO :: comparaison en cours
2017-10-06 14:23:07,861 :: INFO :: comparaison en cours
2017-10-06 14:23:22,982 :: INFO :: comparaison en cours
2017-10-06 14:23:38,085 :: INFO :: comparaison en cours
2017-10-06 14:23:53,199 :: INFO :: comparaison en cours
2017-10-06 14:24:08,318 :: INFO :: comparaison en cours
2017-10-06 14:24:23,426 :: INFO :: comparaison en cours
2017-10-06 14:24:38,536 :: INFO :: comparaison en cours
2017-10-06 14:24:53,653 :: INFO :: comparaison en cours
2017-10-06 14:25:08,760 :: INFO :: comparaison en cours
2017-10-06 14:25:23,870 :: INFO :: comparaison en cours
2017-10-06 14:25:38,986 :: INFO :: comparaison en cours
2017-10-06 14:25:54,083 :: INFO :: comparaison en cours
2017-10-06 14:26:09,203 :: INFO :: comparaison en cours
2017-10-06 14:26:24,318 :: INFO :: comparaison en cours
2017-10-06 14:26:39,426 :: INFO :: comparaison en cours
2017-10-06 14:26:54,547 :: INFO :: comparaison en cours
2017-10-06 14:27:09,664 :: INFO :: comparaison en cours
2017-10-06 14:27:24,778 :: INFO :: comparaison en cours
2017-10-06 14:27:39,884 :: INFO :: comparaison en cours
2017-10-06 14:27:55,006 :: INFO :: comparaison en cours
2017-10-06 14:28:10,117 :: INFO :: comparaison en cours
2017-10-06 14:28:25,239 :: INFO :: comparaison en cours
2017-10-06 14:28:40,360 :: INFO :: comparaison en cours
2017-10-06 14:28:55,473 :: INFO :: comparaison en cours
2017-10-06 14:29:10,591 :: INFO :: comparaison en cours
2017-10-06 14:29:25,708 :: INFO :: comparaison en cours
2017-10-06 14:29:40,819 :: INFO :: comparaison en cours
2017-10-06 14:29:55,929 :: INFO :: comparaison en cours
2017-10-06 14:30:11,043 :: INFO :: comparaison en cours
2017-10-06 14:30:26,163 :: INFO :: comparaison en cours
2017-10-06 14:30:41,280 :: INFO :: comparaison en cours
2017-10-06 14:30:56,387 :: INFO :: comparaison en cours
2017-10-06 14:31:11,515 :: INFO :: comparaison en cours
2017-10-06 14:31:26,632 :: INFO :: comparaison en cours
2017-10-06 14:31:41,745 :: INFO :: comparaison en cours
2017-10-06 14:31:56,871 :: INFO :: comparaison en cours
2017-10-06 14:32:11,979 :: INFO :: comparaison en cours
2017-10-06 14:32:27,092 :: INFO :: comparaison en cours
2017-10-06 14:32:42,211 :: INFO :: comparaison en cours
2017-10-06 14:32:57,322 :: INFO :: comparaison en cours
2017-10-06 14:33:12,430 :: INFO :: comparaison en cours
2017-10-06 14:33:27,550 :: INFO :: comparaison en cours
2017-10-06 14:33:42,660 :: INFO :: comparaison en cours
2017-10-06 14:33:57,782 :: INFO :: comparaison en cours
2017-10-06 14:34:12,894 :: INFO :: comparaison en cours
2017-10-06 14:34:28,006 :: INFO :: comparaison en cours
2017-10-06 14:34:43,106 :: INFO :: comparaison en cours
2017-10-06 14:34:58,221 :: INFO :: comparaison en cours
2017-10-06 14:35:13,334 :: INFO :: comparaison en cours
2017-10-06 14:35:28,446 :: INFO :: comparaison en cours
2017-10-06 14:35:43,558 :: INFO :: comparaison en cours
2017-10-06 14:35:58,668 :: INFO :: comparaison en cours
2017-10-06 14:36:13,787 :: INFO :: comparaison en cours
2017-10-06 14:36:28,901 :: INFO :: comparaison en cours
2017-10-06 14:36:44,014 :: INFO :: comparaison en cours
2017-10-06 14:36:59,140 :: INFO :: comparaison en cours
2017-10-06 14:37:14,266 :: INFO :: comparaison en cours
2017-10-06 14:37:29,387 :: INFO :: comparaison en cours
2017-10-06 14:37:44,552 :: INFO :: comparaison en cours
2017-10-06 14:37:59,668 :: INFO :: comparaison en cours
2017-10-06 14:38:14,784 :: INFO :: comparaison en cours
2017-10-06 14:38:29,902 :: INFO :: comparaison en cours
2017-10-06 14:38:45,015 :: INFO :: comparaison en cours
2017-10-06 14:39:00,135 :: INFO :: comparaison en cours
2017-10-06 14:39:15,255 :: INFO :: comparaison en cours
2017-10-06 14:39:30,368 :: INFO :: comparaison en cours
2017-10-06 14:39:45,503 :: INFO :: comparaison en cours
2017-10-06 14:40:00,631 :: INFO :: comparaison en cours
2017-10-06 14:40:15,739 :: INFO :: comparaison en cours
2017-10-06 14:40:30,860 :: INFO :: comparaison en cours
2017-10-06 14:40:45,984 :: INFO :: comparaison en cours
2017-10-06 14:41:01,103 :: INFO :: comparaison en cours
2017-10-06 14:41:16,219 :: INFO :: comparaison en cours
2017-10-06 14:41:31,332 :: INFO :: comparaison en cours
2017-10-06 14:41:46,444 :: INFO :: comparaison en cours
2017-10-06 14:42:01,567 :: INFO :: comparaison en cours
2017-10-06 14:42:16,795 :: INFO :: comparaison en cours
2017-10-06 14:42:31,913 :: INFO :: comparaison en cours
2017-10-06 14:42:47,063 :: INFO :: comparaison en cours
2017-10-06 14:43:02,179 :: INFO :: comparaison en cours
2017-10-06 14:43:17,408 :: INFO :: comparaison en cours
2017-10-06 14:43:32,518 :: INFO :: comparaison en cours
2017-10-06 14:43:47,637 :: INFO :: comparaison en cours
2017-10-06 14:44:02,756 :: INFO :: comparaison en cours
2017-10-06 14:44:17,886 :: INFO :: comparaison en cours
2017-10-06 14:44:33,007 :: INFO :: comparaison en cours
2017-10-06 14:44:48,123 :: INFO :: comparaison en cours
2017-10-06 14:45:03,251 :: INFO :: comparaison en cours
2017-10-06 14:45:18,709 :: INFO :: comparaison en cours
2017-10-06 14:45:33,817 :: INFO :: comparaison en cours
2017-10-06 14:45:48,934 :: INFO :: comparaison en cours
2017-10-06 14:46:04,052 :: INFO :: comparaison en cours
2017-10-06 14:46:19,160 :: INFO :: comparaison en cours
2017-10-06 14:46:34,275 :: INFO :: comparaison en cours
2017-10-06 14:46:49,392 :: INFO :: comparaison en cours
2017-10-06 14:47:04,500 :: INFO :: comparaison en cours
2017-10-06 14:47:19,615 :: INFO :: comparaison en cours
2017-10-06 14:47:34,726 :: INFO :: comparaison en cours
2017-10-06 14:47:49,833 :: INFO :: comparaison en cours
2017-10-06 14:48:04,951 :: INFO :: comparaison en cours
2017-10-06 14:48:20,060 :: INFO :: comparaison en cours
2017-10-06 14:48:35,169 :: INFO :: comparaison en cours
2017-10-06 14:48:50,274 :: INFO :: comparaison en cours
2017-10-06 14:49:05,379 :: INFO :: comparaison en cours
2017-10-06 14:49:20,501 :: INFO :: comparaison en cours
2017-10-06 14:49:35,619 :: INFO :: comparaison en cours
2017-10-06 14:49:50,735 :: INFO :: comparaison en cours
2017-10-06 14:50:05,849 :: INFO :: comparaison en cours
2017-10-06 14:50:20,960 :: INFO :: comparaison en cours
2017-10-06 14:50:36,074 :: INFO :: comparaison en cours
2017-10-06 14:50:51,200 :: INFO :: comparaison en cours
2017-10-06 14:51:06,307 :: INFO :: comparaison en cours
2017-10-06 14:51:21,423 :: INFO :: comparaison en cours
2017-10-06 14:51:36,556 :: INFO :: comparaison en cours
2017-10-06 14:51:51,679 :: INFO :: comparaison en cours
2017-10-06 14:52:06,797 :: INFO :: comparaison en cours
2017-10-06 14:52:21,923 :: INFO :: comparaison en cours
2017-10-06 14:52:37,038 :: INFO :: comparaison en cours
2017-10-06 14:52:52,156 :: INFO :: comparaison en cours
2017-10-06 14:53:07,279 :: INFO :: comparaison en cours
2017-10-06 14:53:22,387 :: INFO :: comparaison en cours
2017-10-06 14:53:37,517 :: INFO :: comparaison en cours
2017-10-06 14:53:52,637 :: INFO :: comparaison en cours
2017-10-06 14:54:07,769 :: INFO :: comparaison en cours
2017-10-06 14:54:22,878 :: INFO :: comparaison en cours
2017-10-06 14:54:37,983 :: INFO :: comparaison en cours
2017-10-06 14:54:53,106 :: INFO :: comparaison en cours
2017-10-06 14:55:08,224 :: INFO :: comparaison en cours
2017-10-06 14:55:23,335 :: INFO :: comparaison en cours
2017-10-06 14:55:38,455 :: INFO :: comparaison en cours
2017-10-06 14:55:53,574 :: INFO :: comparaison en cours
2017-10-06 14:56:08,718 :: INFO :: comparaison en cours
2017-10-06 14:56:23,832 :: INFO :: comparaison en cours
2017-10-06 14:56:38,931 :: INFO :: comparaison en cours
2017-10-06 14:56:54,043 :: INFO :: comparaison en cours
2017-10-06 14:57:09,158 :: INFO :: comparaison en cours
2017-10-06 14:57:24,268 :: INFO :: comparaison en cours
2017-10-06 14:57:39,385 :: INFO :: comparaison en cours
2017-10-06 14:57:54,504 :: INFO :: comparaison en cours
2017-10-06 14:58:09,990 :: INFO :: comparaison en cours
2017-10-06 14:58:25,106 :: INFO :: comparaison en cours
2017-10-06 14:58:40,235 :: INFO :: comparaison en cours
2017-10-06 14:58:55,343 :: INFO :: comparaison en cours
2017-10-06 14:59:10,460 :: INFO :: comparaison en cours
2017-10-06 14:59:25,587 :: INFO :: comparaison en cours
2017-10-06 14:59:40,701 :: INFO :: comparaison en cours
2017-10-06 14:59:55,811 :: INFO :: comparaison en cours
2017-10-06 15:00:10,951 :: INFO :: comparaison en cours
2017-10-06 15:00:26,063 :: INFO :: comparaison en cours
2017-10-06 15:00:41,180 :: INFO :: comparaison en cours
2017-10-06 15:00:56,299 :: INFO :: comparaison en cours
2017-10-06 15:01:11,419 :: INFO :: comparaison en cours
2017-10-06 15:01:26,528 :: INFO :: comparaison en cours
2017-10-06 15:01:41,649 :: INFO :: comparaison en cours
2017-10-06 15:01:56,767 :: INFO :: comparaison en cours
2017-10-06 15:02:11,879 :: INFO :: comparaison en cours
2017-10-06 15:02:26,984 :: INFO :: comparaison en cours
2017-10-06 15:02:42,094 :: INFO :: comparaison en cours
2017-10-06 15:02:57,207 :: INFO :: comparaison en cours
2017-10-06 15:03:12,323 :: INFO :: comparaison en cours
2017-10-06 15:03:27,441 :: INFO :: comparaison en cours
2017-10-06 15:03:42,560 :: INFO :: comparaison en cours
2017-10-06 15:03:57,679 :: INFO :: comparaison en cours
2017-10-06 15:04:12,799 :: INFO :: comparaison en cours
2017-10-06 15:04:27,910 :: INFO :: comparaison en cours
2017-10-06 15:04:43,019 :: INFO :: comparaison en cours
2017-10-06 15:04:58,138 :: INFO :: comparaison en cours
2017-10-06 15:05:13,243 :: INFO :: comparaison en cours
2017-10-06 15:05:28,362 :: INFO :: comparaison en cours
2017-10-06 15:05:43,484 :: INFO :: comparaison en cours
2017-10-06 15:05:58,606 :: INFO :: comparaison en cours
2017-10-06 15:06:13,718 :: INFO :: comparaison en cours
2017-10-06 15:06:28,835 :: INFO :: comparaison en cours
2017-10-06 15:06:43,939 :: INFO :: comparaison en cours
2017-10-06 15:06:59,051 :: INFO :: comparaison en cours
2017-10-06 15:07:14,160 :: INFO :: comparaison en cours
2017-10-06 15:07:29,284 :: INFO :: comparaison en cours
2017-10-06 15:07:44,393 :: INFO :: comparaison en cours
2017-10-06 15:07:59,508 :: INFO :: comparaison en cours
2017-10-06 15:08:15,099 :: INFO :: comparaison en cours
2017-10-06 15:08:30,215 :: INFO :: comparaison en cours
2017-10-06 15:08:45,334 :: INFO :: comparaison en cours
2017-10-06 15:09:00,455 :: INFO :: comparaison en cours
2017-10-06 15:09:15,580 :: INFO :: comparaison en cours
2017-10-06 15:09:30,708 :: INFO :: comparaison en cours
2017-10-06 15:09:45,835 :: INFO :: comparaison en cours
2017-10-06 15:10:00,946 :: INFO :: comparaison en cours
2017-10-06 15:10:16,143 :: INFO :: comparaison en cours
2017-10-06 15:10:31,267 :: INFO :: comparaison en cours
2017-10-06 15:10:46,382 :: INFO :: comparaison en cours
2017-10-06 15:11:01,499 :: INFO :: comparaison en cours
2017-10-06 15:11:16,627 :: INFO :: comparaison en cours
2017-10-06 15:11:31,739 :: INFO :: comparaison en cours
2017-10-06 15:11:46,855 :: INFO :: comparaison en cours
2017-10-06 15:12:01,979 :: INFO :: comparaison en cours
2017-10-06 15:12:17,268 :: INFO :: comparaison en cours
2017-10-06 15:12:32,383 :: INFO :: comparaison en cours
2017-10-06 15:12:47,506 :: INFO :: comparaison en cours
2017-10-06 15:13:02,630 :: INFO :: comparaison en cours
2017-10-06 15:13:17,949 :: INFO :: comparaison en cours
2017-10-06 15:13:33,059 :: INFO :: comparaison en cours
2017-10-06 15:13:48,181 :: INFO :: comparaison en cours
2017-10-06 15:14:03,297 :: INFO :: comparaison en cours
2017-10-06 15:14:18,410 :: INFO :: comparaison en cours
2017-10-06 15:14:33,543 :: INFO :: comparaison en cours
2017-10-06 15:14:48,643 :: INFO :: comparaison en cours
2017-10-06 15:15:03,755 :: INFO :: comparaison en cours
2017-10-06 15:15:18,961 :: INFO :: comparaison en cours
2017-10-06 15:15:34,071 :: INFO :: comparaison en cours
2017-10-06 15:15:49,185 :: INFO :: comparaison en cours
2017-10-06 15:16:04,318 :: INFO :: comparaison en cours
2017-10-06 15:16:19,431 :: INFO :: comparaison en cours
2017-10-06 15:16:34,543 :: INFO :: comparaison en cours
2017-10-06 15:16:49,657 :: INFO :: comparaison en cours
2017-10-06 15:17:04,779 :: INFO :: comparaison en cours
2017-10-06 15:17:19,893 :: INFO :: comparaison en cours
2017-10-06 15:17:35,006 :: INFO :: comparaison en cours
2017-10-06 15:17:50,132 :: INFO :: comparaison en cours
2017-10-06 15:18:05,252 :: INFO :: comparaison en cours
2017-10-06 15:18:20,361 :: INFO :: comparaison en cours
2017-10-06 15:18:35,475 :: INFO :: comparaison en cours
2017-10-06 15:18:50,601 :: INFO :: comparaison en cours
2017-10-06 15:19:05,718 :: INFO :: comparaison en cours
2017-10-06 15:19:20,831 :: INFO :: comparaison en cours
2017-10-06 15:19:35,947 :: INFO :: comparaison en cours
2017-10-06 15:19:51,060 :: INFO :: comparaison en cours
2017-10-06 15:20:06,179 :: INFO :: comparaison en cours
2017-10-06 15:20:21,303 :: INFO :: comparaison en cours
2017-10-06 15:20:36,435 :: INFO :: comparaison en cours
2017-10-06 15:20:51,551 :: INFO :: comparaison en cours
2017-10-06 15:21:06,660 :: INFO :: comparaison en cours
2017-10-06 15:21:21,783 :: INFO :: comparaison en cours
2017-10-06 15:21:36,899 :: INFO :: comparaison en cours
2017-10-06 15:21:52,014 :: INFO :: comparaison en cours
2017-10-06 15:22:07,134 :: INFO :: comparaison en cours
2017-10-06 15:22:22,252 :: INFO :: comparaison en cours
2017-10-06 15:22:37,365 :: INFO :: comparaison en cours
2017-10-06 15:22:52,482 :: INFO :: comparaison en cours
2017-10-06 15:23:07,593 :: INFO :: comparaison en cours
2017-10-06 15:23:22,706 :: INFO :: comparaison en cours
2017-10-06 15:23:37,818 :: INFO :: comparaison en cours
2017-10-06 15:23:52,930 :: INFO :: comparaison en cours
2017-10-06 15:24:08,039 :: INFO :: comparaison en cours
2017-10-06 15:24:23,151 :: INFO :: comparaison en cours
2017-10-06 15:24:38,265 :: INFO :: comparaison en cours
2017-10-06 15:24:53,379 :: INFO :: comparaison en cours
2017-10-06 15:25:08,491 :: INFO :: comparaison en cours
2017-10-06 15:25:23,603 :: INFO :: comparaison en cours
2017-10-06 15:25:38,726 :: INFO :: comparaison en cours
2017-10-06 15:25:53,845 :: INFO :: comparaison en cours
2017-10-06 15:26:08,949 :: INFO :: comparaison en cours
2017-10-06 15:26:24,070 :: INFO :: comparaison en cours
2017-10-06 15:26:39,193 :: INFO :: comparaison en cours
2017-10-06 15:26:54,303 :: INFO :: comparaison en cours
2017-10-06 15:27:09,424 :: INFO :: comparaison en cours
2017-10-06 15:27:24,539 :: INFO :: comparaison en cours
2017-10-06 15:27:39,654 :: INFO :: comparaison en cours
2017-10-06 15:27:54,778 :: INFO :: comparaison en cours
2017-10-06 15:28:09,890 :: INFO :: comparaison en cours
2017-10-06 15:28:25,005 :: INFO :: comparaison en cours
2017-10-06 15:28:40,127 :: INFO :: comparaison en cours
2017-10-06 15:28:55,239 :: INFO :: comparaison en cours
2017-10-06 15:29:10,343 :: INFO :: comparaison en cours
2017-10-06 15:29:25,461 :: INFO :: comparaison en cours
2017-10-06 15:29:40,587 :: INFO :: comparaison en cours
2017-10-06 15:29:55,708 :: INFO :: comparaison en cours
2017-10-06 15:30:10,831 :: INFO :: comparaison en cours
2017-10-06 15:30:25,944 :: INFO :: comparaison en cours
2017-10-06 15:30:41,056 :: INFO :: comparaison en cours
2017-10-06 15:30:56,171 :: INFO :: comparaison en cours
2017-10-06 15:31:11,297 :: INFO :: comparaison en cours
2017-10-06 15:31:26,415 :: INFO :: comparaison en cours
2017-10-06 15:31:41,530 :: INFO :: comparaison en cours
2017-10-06 15:31:56,643 :: INFO :: comparaison en cours
2017-10-06 15:32:11,759 :: INFO :: comparaison en cours
2017-10-06 15:32:26,884 :: INFO :: comparaison en cours
2017-10-06 15:32:42,143 :: INFO :: comparaison en cours
2017-10-06 15:32:57,255 :: INFO :: comparaison en cours
2017-10-06 15:33:12,379 :: INFO :: comparaison en cours
2017-10-06 15:33:27,504 :: INFO :: comparaison en cours
2017-10-06 15:33:42,619 :: INFO :: comparaison en cours
2017-10-06 15:33:57,739 :: INFO :: comparaison en cours
2017-10-06 15:34:12,859 :: INFO :: comparaison en cours
2017-10-06 15:34:27,975 :: INFO :: comparaison en cours
2017-10-06 15:34:43,080 :: INFO :: comparaison en cours
2017-10-06 15:34:58,202 :: INFO :: comparaison en cours
2017-10-06 15:35:13,322 :: INFO :: comparaison en cours
2017-10-06 15:35:28,425 :: INFO :: comparaison en cours
2017-10-06 15:35:43,543 :: INFO :: comparaison en cours
2017-10-06 15:35:58,655 :: INFO :: comparaison en cours
2017-10-06 15:36:13,777 :: INFO :: comparaison en cours
2017-10-06 15:36:28,887 :: INFO :: comparaison en cours
2017-10-06 15:36:43,994 :: INFO :: comparaison en cours
2017-10-06 15:36:59,119 :: INFO :: comparaison en cours
2017-10-06 15:37:14,243 :: INFO :: comparaison en cours
2017-10-06 15:37:29,364 :: INFO :: comparaison en cours
2017-10-06 15:37:44,468 :: INFO :: comparaison en cours
2017-10-06 15:37:59,594 :: INFO :: comparaison en cours
2017-10-06 15:38:14,715 :: INFO :: comparaison en cours
2017-10-06 15:38:29,835 :: INFO :: comparaison en cours
2017-10-06 15:38:44,960 :: INFO :: comparaison en cours
2017-10-06 15:39:00,071 :: INFO :: comparaison en cours
2017-10-06 15:39:15,188 :: INFO :: comparaison en cours
2017-10-06 15:39:30,304 :: INFO :: comparaison en cours
2017-10-06 15:39:45,426 :: INFO :: comparaison en cours
2017-10-06 15:40:00,543 :: INFO :: comparaison en cours
2017-10-06 15:40:15,653 :: INFO :: comparaison en cours
2017-10-06 15:40:30,768 :: INFO :: comparaison en cours
2017-10-06 15:40:45,872 :: INFO :: comparaison en cours
2017-10-06 15:41:00,993 :: INFO :: comparaison en cours
2017-10-06 15:41:16,106 :: INFO :: comparaison en cours
2017-10-06 15:41:31,237 :: INFO :: comparaison en cours
2017-10-06 15:41:46,356 :: INFO :: comparaison en cours
2017-10-06 15:42:01,478 :: INFO :: comparaison en cours
2017-10-06 15:42:16,598 :: INFO :: comparaison en cours
2017-10-06 15:42:31,711 :: INFO :: comparaison en cours
2017-10-06 15:42:46,831 :: INFO :: comparaison en cours
2017-10-06 15:43:01,947 :: INFO :: comparaison en cours
2017-10-06 15:43:17,143 :: INFO :: comparaison en cours
2017-10-06 15:43:32,263 :: INFO :: comparaison en cours
2017-10-06 15:43:47,379 :: INFO :: comparaison en cours
2017-10-06 15:44:02,487 :: INFO :: comparaison en cours
2017-10-06 15:44:17,726 :: INFO :: comparaison en cours
2017-10-06 15:44:32,845 :: INFO :: comparaison en cours
2017-10-06 15:44:47,959 :: INFO :: comparaison en cours
2017-10-06 15:45:03,075 :: INFO :: comparaison en cours
2017-10-06 15:45:18,490 :: INFO :: comparaison en cours
2017-10-06 15:45:33,611 :: INFO :: comparaison en cours
2017-10-06 15:45:48,718 :: INFO :: comparaison en cours
2017-10-06 15:46:03,835 :: INFO :: comparaison en cours
2017-10-06 15:46:18,941 :: INFO :: comparaison en cours
2017-10-06 15:46:34,060 :: INFO :: comparaison en cours
2017-10-06 15:46:49,168 :: INFO :: comparaison en cours
2017-10-06 15:47:04,283 :: INFO :: comparaison en cours
2017-10-06 15:47:19,420 :: INFO :: comparaison en cours
2017-10-06 15:47:34,536 :: INFO :: comparaison en cours
2017-10-06 15:47:49,655 :: INFO :: comparaison en cours
2017-10-06 15:48:04,770 :: INFO :: comparaison en cours
2017-10-06 15:48:19,889 :: INFO :: comparaison en cours
2017-10-06 15:48:35,000 :: INFO :: comparaison en cours
2017-10-06 15:48:50,118 :: INFO :: comparaison en cours
2017-10-06 15:49:05,230 :: INFO :: comparaison en cours
2017-10-06 15:49:20,333 :: INFO :: comparaison en cours
2017-10-06 15:49:35,443 :: INFO :: comparaison en cours
2017-10-06 15:49:50,555 :: INFO :: comparaison en cours
2017-10-06 15:50:05,660 :: INFO :: comparaison en cours
2017-10-06 15:50:20,774 :: INFO :: comparaison en cours
2017-10-06 15:50:35,893 :: INFO :: comparaison en cours
2017-10-06 15:50:51,018 :: INFO :: comparaison en cours
2017-10-06 15:51:06,135 :: INFO :: comparaison en cours
2017-10-06 15:51:21,259 :: INFO :: comparaison en cours
2017-10-06 15:51:36,399 :: INFO :: comparaison en cours
2017-10-06 15:51:51,523 :: INFO :: comparaison en cours
2017-10-06 15:52:06,643 :: INFO :: comparaison en cours
2017-10-06 15:52:21,755 :: INFO :: comparaison en cours
2017-10-06 15:52:36,868 :: INFO :: comparaison en cours
2017-10-06 15:52:51,980 :: INFO :: comparaison en cours
2017-10-06 15:53:07,093 :: INFO :: comparaison en cours
2017-10-06 15:53:22,211 :: INFO :: comparaison en cours
2017-10-06 15:53:37,331 :: INFO :: comparaison en cours
2017-10-06 15:53:52,472 :: INFO :: comparaison en cours
2017-10-06 15:54:07,591 :: INFO :: comparaison en cours
2017-10-06 15:54:22,708 :: INFO :: comparaison en cours
2017-10-06 15:54:37,836 :: INFO :: comparaison en cours
2017-10-06 15:54:52,959 :: INFO :: comparaison en cours
2017-10-06 15:55:08,071 :: INFO :: comparaison en cours
2017-10-06 15:55:23,186 :: INFO :: comparaison en cours
2017-10-06 15:55:38,314 :: INFO :: comparaison en cours
2017-10-06 15:55:53,426 :: INFO :: comparaison en cours
2017-10-06 15:56:08,539 :: INFO :: comparaison en cours
2017-10-06 15:56:23,668 :: INFO :: comparaison en cours
2017-10-06 15:56:38,768 :: INFO :: comparaison en cours
2017-10-06 15:56:53,884 :: INFO :: comparaison en cours
2017-10-06 15:57:09,007 :: INFO :: comparaison en cours
2017-10-06 15:57:24,122 :: INFO :: comparaison en cours
2017-10-06 15:57:39,247 :: INFO :: comparaison en cours
2017-10-06 15:57:54,368 :: INFO :: comparaison en cours
2017-10-06 15:58:09,487 :: INFO :: comparaison en cours
2017-10-06 15:58:24,609 :: INFO :: comparaison en cours
2017-10-06 15:58:39,739 :: INFO :: comparaison en cours
2017-10-06 15:58:54,846 :: INFO :: comparaison en cours
2017-10-06 15:59:09,966 :: INFO :: comparaison en cours
2017-10-06 15:59:25,084 :: INFO :: comparaison en cours
2017-10-06 15:59:40,199 :: INFO :: comparaison en cours
2017-10-06 15:59:55,325 :: INFO :: comparaison en cours
2017-10-06 16:00:10,451 :: INFO :: comparaison en cours
2017-10-06 16:00:25,569 :: INFO :: comparaison en cours
