[ { description: 'light rain',
    dt: 1508511600,
    dt_txt: '2017-10-20 15:00:00',
    id: 500,
    temp: 17.33 },
  { description: 'clear sky',
    dt: 1508522400,
    dt_txt: '2017-10-20 18:00:00',
    id: 800,
    temp: 14.51 },
  { description: 'scattered clouds',
    dt: 1508533200,
    dt_txt: '2017-10-20 21:00:00',
    id: 802,
    temp: 13.72 },
  { description: 'broken clouds',
    dt: 1508544000,
    dt_txt: '2017-10-21 00:00:00',
    id: 803,
    temp: 14.69 } ]
[ { description: 'light rain',
    dt: 1508511600,
    dt_txt: '2017-10-20 15:00:00',
    id: 500,
    temp: 17.33 },
  { description: 'clear sky',
    dt: 1508522400,
    dt_txt: '2017-10-20 18:00:00',
    id: 800,
    temp: 14.51 },
  { description: 'scattered clouds',
    dt: 1508533200,
    dt_txt: '2017-10-20 21:00:00',
    id: 802,
    temp: 13.72 },
  { description: 'broken clouds',
    dt: 1508544000,
    dt_txt: '2017-10-21 00:00:00',
    id: 803,
    temp: 14.69 } ]
[ { description: 'light rain',
    dt: 1508511600,
    dt_txt: '2017-10-20 15:00:00',
    id: 500,
    temp: 17.33 },
  { description: 'clear sky',
    dt: 1508522400,
    dt_txt: '2017-10-20 18:00:00',
    id: 800,
    temp: 14.51 },
  { description: 'scattered clouds',
    dt: 1508533200,
    dt_txt: '2017-10-20 21:00:00',
    id: 802,
    temp: 13.72 },
  { description: 'broken clouds',
    dt: 1508544000,
    dt_txt: '2017-10-21 00:00:00',
    id: 803,
    temp: 14.69 } ]
[ { description: 'light rain',
    dt: 1508511600,
    dt_txt: '2017-10-20 15:00:00',
    id: 500,
    temp: 17.33 },
  { description: 'clear sky',
    dt: 1508522400,
    dt_txt: '2017-10-20 18:00:00',
    id: 800,
    temp: 14.51 },
  { description: 'scattered clouds',
    dt: 1508533200,
    dt_txt: '2017-10-20 21:00:00',
    id: 802,
    temp: 13.72 },
  { description: 'broken clouds',
    dt: 1508544000,
    dt_txt: '2017-10-21 00:00:00',
    id: 803,
    temp: 14.69 } ]
[ { description: 'light rain',
    dt: 1508511600,
    dt_txt: '2017-10-20 15:00:00',
    id: 500,
    temp: 17.33 },
  { description: 'clear sky',
    dt: 1508522400,
    dt_txt: '2017-10-20 18:00:00',
    id: 800,
    temp: 14.51 },
  { description: 'scattered clouds',
    dt: 1508533200,
    dt_txt: '2017-10-20 21:00:00',
    id: 802,
    temp: 13.72 },
  { description: 'broken clouds',
    dt: 1508544000,
    dt_txt: '2017-10-21 00:00:00',
    id: 803,
    temp: 14.69 } ]
[ { description: 'light rain',
    dt: 1508511600,
    dt_txt: '2017-10-20 15:00:00',
    id: 500,
    temp: 17.33 },
  { description: 'clear sky',
    dt: 1508522400,
    dt_txt: '2017-10-20 18:00:00',
    id: 800,
    temp: 14.51 },
  { description: 'scattered clouds',
    dt: 1508533200,
    dt_txt: '2017-10-20 21:00:00',
    id: 802,
    temp: 13.72 },
  { description: 'broken clouds',
    dt: 1508544000,
    dt_txt: '2017-10-21 00:00:00',
    id: 803,
    temp: 14.69 } ]
[ { description: 'light rain',
    dt: 1508511600,
    dt_txt: '2017-10-20 15:00:00',
    id: 500,
    temp: 17.33 },
  { description: 'clear sky',
    dt: 1508522400,
    dt_txt: '2017-10-20 18:00:00',
    id: 800,
    temp: 14.51 },
  { description: 'scattered clouds',
    dt: 1508533200,
    dt_txt: '2017-10-20 21:00:00',
    id: 802,
    temp: 13.72 },
  { description: 'broken clouds',
    dt: 1508544000,
    dt_txt: '2017-10-21 00:00:00',
    id: 803,
    temp: 14.69 } ]
[ { description: 'light rain',
    dt: 1508511600,
    dt_txt: '2017-10-20 15:00:00',
    id: 500,
    temp: 16.01 },
  { description: 'clear sky',
    dt: 1508522400,
    dt_txt: '2017-10-20 18:00:00',
    id: 800,
    temp: 13.65 },
  { description: 'scattered clouds',
    dt: 1508533200,
    dt_txt: '2017-10-20 21:00:00',
    id: 802,
    temp: 13.31 },
  { description: 'broken clouds',
    dt: 1508544000,
    dt_txt: '2017-10-21 00:00:00',
    id: 803,
    temp: 14.73 } ]
